<?xml version="1.0" encoding="UTF-8"?>
<testsuite xmlns:xsi="http://www.w3.org/2001/XMLSchema-instance" xsi:noNamespaceSchemaLocation="https://maven.apache.org/surefire/maven-surefire-plugin/xsd/surefire-test-report-3.0.xsd" version="3.0" name="tek.bdd.runner.TestRunner" time="12.458" tests="2" errors="0" skipped="0" failures="0">
  <properties>
[...]
</properties>
  <testcase name="Creating an new user with valid inputs" classname="Create User in Tek School Application" time="8.038">
    <system-out><![CDATA[
@CreateNewUser @Smoke @Regression
Scenario: Creating an new user with valid inputs                    &amp#27;[90m# features/CreateUser.feature:3&amp#27;[0m
  &amp#27;[32mWhen &amp#27;[0m&amp#27;[32mClick on sign in link&amp#27;[0m                                        &amp#27;[90m# tek.bdd.steps.CreateUserSteps.click_on_sign_in_link()&amp#27;[0m
  &amp#27;[32mThen &amp#27;[0m&amp#27;[32mClick on Create New Account button&amp#27;[0m                           &amp#27;[90m# tek.bdd.steps.CreateUserSteps.click_on_creat_new_account_button()&amp#27;[0m
  &amp#27;[32mThen &amp#27;[0m&amp#27;[32mEnter valid detail in the required feilds&amp#27;[0m                    &amp#27;[90m# tek.bdd.steps.CreateUserSteps.enter_valid_detail_in_the_required_feilds(io.cucumber.datatable.DataTable)&amp#27;[0m
    | name     | OspryClass                |
    | email    | ospreyBDDLab@tekschool.us |
    | password | yBDDLab@654               |
  &amp#27;[32mThen &amp#27;[0m&amp#27;[32mclick on signUp button&amp#27;[0m                                       &amp#27;[90m# tek.bdd.steps.CreateUserSteps.click_on_sign_up_button()&amp#27;[0m
  &amp#27;[32mThen &amp#27;[0m&amp#27;[32mValidate the Name in Profile as &amp#27;[0m&amp#27;[32m&amp#27;[1m"OspryClass"&amp#27;[0m                 &amp#27;[90m# tek.bdd.steps.CreateUserSteps.validate_the_name_in_profile_as(java.lang.String)&amp#27;[0m
  &amp#27;[32mThen &amp#27;[0m&amp#27;[32mValidate the Email in Profile as &amp#27;[0m&amp#27;[32m&amp#27;[1m"ospreyBDDLab@tekschool.us"&amp#27;[0m &amp#27;[90m# tek.bdd.steps.CreateUserSteps.validate_the_email_in_profile_as(java.lang.String)&amp#27;[0m
  &amp#27;[32mThen &amp#27;[0m&amp#27;[32mClick on Logout Button&amp#27;[0m                                       &amp#27;[90m# tek.bdd.steps.CreateUserSteps.click_on_logout_button()&amp#27;[0m
]]></system-out>
    <system-err><![CDATA[Apr 04, 2024 8:55:41 PM org.openqa.selenium.devtools.CdpVersionFinder findNearestMatch
WARNING: Unable to find an exact match for CDP version 123, returning the closest version; found: 122; Please update to a Selenium version that supports CDP version 123
]]></system-err>
  </testcase>
  <testcase name="Validate Home page title" classname="Major Functionalities for Smoke Test" time="3.015">
    <system-out><![CDATA[
@Smoke
Scenario: Validate Home page title                                          &amp#27;[90m# features/SmokeTest.feature:3&amp#27;[0m
  &amp#27;[32mThen &amp#27;[0m&amp#27;[32mValidate top left corner is &amp#27;[0m&amp#27;[32m&amp#27;[1m"TEKSCHOOL"&amp#27;[0m                              &amp#27;[90m# tek.bdd.steps.SmokeTestSteps.validateTopLeftCorner(java.lang.String)&amp#27;[0m
  &amp#27;[32mThen &amp#27;[0m&amp#27;[32mClick on SignIn link&amp#27;[0m                                                 &amp#27;[90m# tek.bdd.steps.SmokeTestSteps.clickSignIn()&amp#27;[0m
  &amp#27;[32mThen &amp#27;[0m&amp#27;[32mI Enter Email &amp#27;[0m&amp#27;[32m&amp#27;[1m"ospreyLabSession@gmail.com"&amp#27;[0m                           &amp#27;[90m# tek.bdd.steps.SmokeTestSteps.enterEmail(java.lang.String)&amp#27;[0m
  &amp#27;[32mThen &amp#27;[0m&amp#27;[32mI Enter Password &amp#27;[0m&amp#27;[32m&amp#27;[1m"Osprey@1234"&amp#27;[0m                                       &amp#27;[90m# tek.bdd.steps.SmokeTestSteps.enterPassword(java.lang.String)&amp#27;[0m
This step Executed Successfully 
  &amp#27;[32mThen &amp#27;[0m&amp#27;[32mI Click on Login button&amp#27;[0m                                              &amp#27;[90m# tek.bdd.steps.SmokeTestSteps.ClickLoginButton()&amp#27;[0m
  &amp#27;[32mThen &amp#27;[0m&amp#27;[32mVerify the text message is displayed as &amp#27;[0m&amp#27;[32m&amp#27;[1m"wrong username or password"&amp#27;[0m &amp#27;[90m# tek.bdd.steps.SmokeTestSteps.verifyErrorMessage(java.lang.String)&amp#27;[0m
]]></system-out>
    <system-err><![CDATA[Apr 04, 2024 8:55:45 PM org.openqa.selenium.devtools.CdpVersionFinder findNearestMatch
WARNING: Unable to find an exact match for CDP version 123, returning the closest version; found: 122; Please update to a Selenium version that supports CDP version 123
]]></system-err>
  </testcase>
</testsuite>